# JRE version: OpenJDK Runtime Environment (8.0_202-b03) (build 1.8.0_202-release-1483-b03)
# Java VM: OpenJDK 64-Bit Server VM (25.202-b03 mixed mode windows-amd64 compressed oops)
Heap:
 PSYoungGen      total 371712K, used 281951K [0x00000000e0000000, 0x00000000fac00000, 0x0000000100000000)
  eden space 348672K, 78% used [0x00000000e0000000,0x00000000f09bc370,0x00000000f5480000)
  from space 23040K, 42% used [0x00000000f5480000,0x00000000f5e1bbd8,0x00000000f6b00000)
  to   space 22016K, 0% used [0x00000000f9680000,0x00000000f9680000,0x00000000fac00000)
 ParOldGen       total 137728K, used 115131K [0x00000000a0000000, 0x00000000a8680000, 0x00000000e0000000)
  object space 137728K, 83% used [0x00000000a0000000,0x00000000a706efa0,0x00000000a8680000)
 Metaspace       used 97761K, capacity 101498K, committed 101848K, reserved 1138688K
  class space    used 12238K, capacity 12989K, committed 13056K, reserved 1048576K
GC Heap History (10 events):
Event: 296.929 GC heap before
{Heap before GC invocations=57 (full 4):
 PSYoungGen      total 297472K, used 276324K [0x00000000e0000000, 0x00000000f3d00000, 0x0000000100000000)
  eden space 269824K, 100% used [0x00000000e0000000,0x00000000f0780000,0x00000000f0780000)
  from space 27648K, 23% used [0x00000000f2180000,0x00000000f27d92d8,0x00000000f3c80000)
  to   space 26624K, 0% used [0x00000000f0780000,0x00000000f0780000,0x00000000f2180000)
 ParOldGen       total 137728K, used 92247K [0x00000000a0000000, 0x00000000a8680000, 0x00000000e0000000)
  object space 137728K, 66% used [0x00000000a0000000,0x00000000a5a15c60,0x00000000a8680000)
 Metaspace       used 97628K, capacity 101358K, committed 101848K, reserved 1138688K
  class space    used 12232K, capacity 12989K, committed 13056K, reserved 1048576K
Event: 296.994 GC heap after
Heap after GC invocations=57 (full 4):
 PSYoungGen      total 296448K, used 5136K [0x00000000e0000000, 0x00000000f5c00000, 0x0000000100000000)
  eden space 269824K, 0% used [0x00000000e0000000,0x00000000e0000000,0x00000000f0780000)
  from space 26624K, 19% used [0x00000000f0780000,0x00000000f0c84398,0x00000000f2180000)
  to   space 25600K, 0% used [0x00000000f4300000,0x00000000f4300000,0x00000000f5c00000)
 ParOldGen       total 137728K, used 97491K [0x00000000a0000000, 0x00000000a8680000, 0x00000000e0000000)
  object space 137728K, 70% used [0x00000000a0000000,0x00000000a5f34c30,0x00000000a8680000)
 Metaspace       used 97628K, capacity 101358K, committed 101848K, reserved 1138688K
  class space    used 12232K, capacity 12989K, committed 13056K, reserved 1048576K
}
Event: 299.036 GC heap before
{Heap before GC invocations=58 (full 4):
 PSYoungGen      total 296448K, used 274960K [0x00000000e0000000, 0x00000000f5c00000, 0x0000000100000000)
  eden space 269824K, 100% used [0x00000000e0000000,0x00000000f0780000,0x00000000f0780000)
  from space 26624K, 19% used [0x00000000f0780000,0x00000000f0c84398,0x00000000f2180000)
  to   space 25600K, 0% used [0x00000000f4300000,0x00000000f4300000,0x00000000f5c00000)
 ParOldGen       total 137728K, used 97491K [0x00000000a0000000, 0x00000000a8680000, 0x00000000e0000000)
  object space 137728K, 70% used [0x00000000a0000000,0x00000000a5f34c30,0x00000000a8680000)
 Metaspace       used 97639K, capacity 101362K, committed 101848K, reserved 1138688K
  class space    used 12232K, capacity 12989K, committed 13056K, reserved 1048576K
Event: 299.124 GC heap after
Heap after GC invocations=58 (full 4):
 PSYoungGen      total 331264K, used 5541K [0x00000000e0000000, 0x00000000f5d00000, 0x0000000100000000)
  eden space 305664K, 0% used [0x00000000e0000000,0x00000000e0000000,0x00000000f2a80000)
  from space 25600K, 21% used [0x00000000f4300000,0x00000000f48697c8,0x00000000f5c00000)
  to   space 25088K, 0% used [0x00000000f2a80000,0x00000000f2a80000,0x00000000f4300000)
 ParOldGen       total 137728K, used 101444K [0x00000000a0000000, 0x00000000a8680000, 0x00000000e0000000)
  object space 137728K, 73% used [0x00000000a0000000,0x00000000a63113e0,0x00000000a8680000)
 Metaspace       used 97639K, capacity 101362K, committed 101848K, reserved 1138688K
  class space    used 12232K, capacity 12989K, committed 13056K, reserved 1048576K
}
Event: 302.965 GC heap before
{Heap before GC invocations=59 (full 4):
 PSYoungGen      total 331264K, used 311205K [0x00000000e0000000, 0x00000000f5d00000, 0x0000000100000000)
  eden space 305664K, 100% used [0x00000000e0000000,0x00000000f2a80000,0x00000000f2a80000)
  from space 25600K, 21% used [0x00000000f4300000,0x00000000f48697c8,0x00000000f5c00000)
  to   space 25088K, 0% used [0x00000000f2a80000,0x00000000f2a80000,0x00000000f4300000)
 ParOldGen       total 137728K, used 101444K [0x00000000a0000000, 0x00000000a8680000, 0x00000000e0000000)
  object space 137728K, 73% used [0x00000000a0000000,0x00000000a63113e0,0x00000000a8680000)
 Metaspace       used 97660K, capacity 101362K, committed 101848K, reserved 1138688K
  class space    used 12232K, capacity 12989K, committed 13056K, reserved 1048576K
Event: 303.145 GC heap after
Heap after GC invocations=59 (full 4):
 PSYoungGen      total 330752K, used 6636K [0x00000000e0000000, 0x00000000f8480000, 0x0000000100000000)
  eden space 305664K, 0% used [0x00000000e0000000,0x00000000e0000000,0x00000000f2a80000)
  from space 25088K, 26% used [0x00000000f2a80000,0x00000000f30fb178,0x00000000f4300000)
  to   space 24064K, 0% used [0x00000000f6d00000,0x00000000f6d00000,0x00000000f8480000)
 ParOldGen       total 137728K, used 105995K [0x00000000a0000000, 0x00000000a8680000, 0x00000000e0000000)
  object space 137728K, 76% used [0x00000000a0000000,0x00000000a6782e48,0x00000000a8680000)
 Metaspace       used 97660K, capacity 101362K, committed 101848K, reserved 1138688K
  class space    used 12232K, capacity 12989K, committed 13056K, reserved 1048576K
}
Event: 306.751 GC heap before
{Heap before GC invocations=60 (full 4):
 PSYoungGen      total 330752K, used 312300K [0x00000000e0000000, 0x00000000f8480000, 0x0000000100000000)
  eden space 305664K, 100% used [0x00000000e0000000,0x00000000f2a80000,0x00000000f2a80000)
  from space 25088K, 26% used [0x00000000f2a80000,0x00000000f30fb178,0x00000000f4300000)
  to   space 24064K, 0% used [0x00000000f6d00000,0x00000000f6d00000,0x00000000f8480000)
 ParOldGen       total 137728K, used 105995K [0x00000000a0000000, 0x00000000a8680000, 0x00000000e0000000)
  object space 137728K, 76% used [0x00000000a0000000,0x00000000a6782e48,0x00000000a8680000)
 Metaspace       used 97666K, capacity 101362K, committed 101848K, reserved 1138688K
  class space    used 12233K, capacity 12989K, committed 13056K, reserved 1048576K
Event: 306.835 GC heap after
Heap after GC invocations=60 (full 4):
 PSYoungGen      total 369664K, used 5746K [0x00000000e0000000, 0x00000000f8180000, 0x0000000100000000)
  eden space 348672K, 0% used [0x00000000e0000000,0x00000000e0000000,0x00000000f5480000)
  from space 20992K, 27% used [0x00000000f6d00000,0x00000000f729c9d0,0x00000000f8180000)
  to   space 23040K, 0% used [0x00000000f5480000,0x00000000f5480000,0x00000000f6b00000)
 ParOldGen       total 137728K, used 111788K [0x00000000a0000000, 0x00000000a8680000, 0x00000000e0000000)
  object space 137728K, 81% used [0x00000000a0000000,0x00000000a6d2b320,0x00000000a8680000)
 Metaspace       used 97666K, capacity 101362K, committed 101848K, reserved 1138688K
  class space    used 12233K, capacity 12989K, committed 13056K, reserved 1048576K
}
Event: 312.006 GC heap before
{Heap before GC invocations=61 (full 4):
 PSYoungGen      total 369664K, used 354418K [0x00000000e0000000, 0x00000000f8180000, 0x0000000100000000)
  eden space 348672K, 100% used [0x00000000e0000000,0x00000000f5480000,0x00000000f5480000)
  from space 20992K, 27% used [0x00000000f6d00000,0x00000000f729c9d0,0x00000000f8180000)
  to   space 23040K, 0% used [0x00000000f5480000,0x00000000f5480000,0x00000000f6b00000)
 ParOldGen       total 137728K, used 111788K [0x00000000a0000000, 0x00000000a8680000, 0x00000000e0000000)
  object space 137728K, 81% used [0x00000000a0000000,0x00000000a6d2b320,0x00000000a8680000)
 Metaspace       used 97750K, capacity 101494K, committed 101848K, reserved 1138688K
  class space    used 12238K, capacity 12989K, committed 13056K, reserved 1048576K
Event: 312.123 GC heap after
Heap after GC invocations=61 (full 4):
 PSYoungGen      total 371712K, used 9838K [0x00000000e0000000, 0x00000000fac00000, 0x0000000100000000)
  eden space 348672K, 0% used [0x00000000e0000000,0x00000000e0000000,0x00000000f5480000)
  from space 23040K, 42% used [0x00000000f5480000,0x00000000f5e1bbd8,0x00000000f6b00000)
  to   space 22016K, 0% used [0x00000000f9680000,0x00000000f9680000,0x00000000fac00000)
 ParOldGen       total 137728K, used 115131K [0x00000000a0000000, 0x00000000a8680000, 0x00000000e0000000)
  object space 137728K, 83% used [0x00000000a0000000,0x00000000a706efa0,0x00000000a8680000)
 Metaspace       used 97750K, capacity 101494K, committed 101848K, reserved 1138688K
  class space    used 12238K, capacity 12989K, committed 13056K, reserved 1048576K
}

